<?xml version="1.0" encoding="UTF-8"?>
<!-- Generated by org.testng.reporters.JUnitXMLReporter -->
<testsuite ignored="4" hostname="DESKTOP-A8BL1MV" failures="1" tests="1" name="Default test(failed)" time="0.054" errors="0" timestamp="11 Nov 2020 17:55:56 GMT">
  <testcase classname="org.rerun.TestCase" name="method4" time="0.017">
    <failure type="java.lang.AssertionError" message="expected [true] but found [false]">
      <![CDATA[java.lang.AssertionError: expected [true] but found [false]
at org.rerun.TestCase.method4(TestCase.java:22)
... Removed 29 stack frames]]>
    </failure>
  </testcase> <!-- method4 -->
  <testcase classname="org.rerun.TestCase" name="method3" time="0.0">
    <ignored/>
  </testcase> <!-- method3 -->
  <testcase classname="org.rerun.TestCase" name="method1" time="0.0">
    <ignored/>
  </testcase> <!-- method1 -->
  <testcase classname="org.rerun.TestCase" name="method2" time="0.0">
    <ignored/>
  </testcase> <!-- method2 -->
  <testcase classname="org.rerun.TestCase" name="method5" time="0.0">
    <ignored/>
  </testcase> <!-- method5 -->
</testsuite> <!-- Default test(failed) -->
