<?xml version="1.0" encoding="UTF-8"?>
<!-- Generated by org.testng.reporters.JUnitXMLReporter -->
<testsuite ignored="0" hostname="DESKTOP-A8BL1MV" failures="0" tests="5" name="methods" time="0.079" errors="0" timestamp="09 Nov 2020 11:51:04 GMT">
  <testcase classname="org.parallelExe.TestLevel" name="method11" time="0.016"/>
  <testcase classname="org.parallelExe.TestLevel" name="method12" time="0.016"/>
  <testcase classname="org.parallelExe.TestLevel" name="method13" time="0.0"/>
  <testcase classname="org.parallelExe.TestLevel" name="method14" time="0.0"/>
  <testcase classname="org.parallelExe.TestLevel" name="method15" time="0.0"/>
</testsuite> <!-- methods -->
